14:04:18.557 > Hello from received
14:04:21.581 > positionX :-1
14:04:21.581 > positionY :-1
14:04:24.604 > positionX :-1
14:04:24.604 > positionY :-1
14:04:27.625 > positionX :-1
14:04:27.626 > positionY :-1
14:04:29.694 > pass
14:04:29.714 > pass
14:04:29.733 > pass
14:04:29.754 > pass
14:04:29.774 > pass
14:04:29.793 > pass
14:04:29.814 > pass
14:04:29.833 > pass
14:04:29.853 > pass
14:04:29.874 > pass
14:04:29.894 > pass
14:04:29.914 > pass
14:04:29.934 > pass
14:04:29.954 > pass
14:04:29.974 > pass
14:04:29.994 > pass
14:04:30.013 > pass
14:04:30.034 > pass
14:04:30.054 > pass
14:04:30.074 > pass
14:04:30.094 > pass
14:04:30.114 > pass
14:04:30.134 > pass
14:04:30.154 > pass
14:04:30.174 > pass
14:04:30.193 > pass
14:04:30.214 > pass
14:04:30.234 > pass
14:04:30.254 > pass
14:04:30.274 > pass
14:04:30.294 > pass
14:04:30.314 > pass
14:04:30.334 > pass
14:04:30.353 > pass
14:04:30.374 > pass
14:04:30.394 > pass
14:04:30.414 > pass
14:04:30.434 > pass
14:04:30.454 > pass
14:04:30.474 > pass
14:04:30.494 > pass
14:04:30.514 > pass
14:04:30.534 > pass
14:04:30.554 > pass
14:04:30.574 > pass
14:04:30.594 > pass
14:04:30.614 > pass
14:04:30.634 > pass
14:04:30.654 > pass
14:04:30.674 > pass
14:04:30.694 > pass
14:04:30.714 > pass
14:04:30.735 > pass
14:04:30.735 > pass
14:04:33.759 > positionX :100
14:04:33.759 > positionY :200
14:04:36.780 > positionX :100
14:04:36.781 > positionY :200
14:04:39.803 > positionX :100
14:04:39.805 > positionY :200
14:04:42.826 > positionX :100
14:04:42.826 > positionY :200
14:04:45.848 > positionX :100
14:04:45.848 > positionY :200
14:04:48.870 > positionX :100
14:04:48.871 > positionY :200
14:04:51.893 > positionX :100
14:04:51.894 > positionY :200
14:04:54.915 > positionX :100
14:04:54.915 > positionY :200
14:04:57.937 > positionX :100
14:04:57.937 > positionY :200
14:05:00.960 > positionX :100
14:05:00.961 > positionY :200
14:05:03.982 > positionX :100
14:05:03.982 > positionY :200
14:05:07.005 > positionX :100
14:05:07.005 > positionY :200
14:05:10.028 > positionX :100
14:05:10.028 > positionY :200
